<?xml version="1.0" encoding="UTF-8"?>
<testsuites name="Register" time="83.449" tests="6" failures="0" errors="0">
   <testsuite name="Register" tests="6" failures="0" errors="0" time="83.449" skipped="0" timestamp="2023-01-07 19:42:56" hostname="rizky - RizkyAS" id="Test Suites/Register/Register">
      <properties>
         <property name="deviceName" value=""/>
         <property name="devicePlatform" value=""/>
         <property name="logFolder" value="C:\\Users\\rizky\\git\\qa_ordent_assignmetn\\Reports\\20230107_194252\\Register\\Register\\20230107_194252"/>
         <property name="logFiles" value="C:\\Users\\rizky\\git\\qa_ordent_assignmetn\\Reports\\20230107_194252\\Register\\Register\\20230107_194252\\execution0.log"/>
         <property name="attachments" value=""/>
         <property name="hostName" value="rizky - RizkyAS"/>
         <property name="os" value="Windows 10 64bit"/>
         <property name="katalonVersion" value="8.1.0.208"/>
         <property name="browser" value="Chrome 108.0.0.0"/>
         <property name="hostAddress" value="192.168.0.103"/>
         <property name="sessionId" value="864bbd3cb72b3e468465400d4704a934"/>
         <property name="seleniumVersion" value="3.141.59"/>
         <property name="proxyInformation" value="ProxyInformation { proxyOption=NO_PROXY, proxyServerType=HTTP, username=, password=********, proxyServerAddress=, proxyServerPort=0, executionList=&quot;&quot;, isApplyToDesiredCapabilities=true }"/>
         <property name="platform" value="Windows 10"/>
      </properties>
      <testcase name="Test Cases/Register/TC-A1-001" time="13.099" classname="Test Cases/Register/TC-A1-001" status="PASSED">
         <system-out><![CDATA[2023-01-07 19:42:56 - [TEST_CASE][PASSED] - Test Cases/Register/TC-A1-001: Test Cases/Register/TC-A1-001

2023-01-07 19:42:56 - [TEST_STEP][PASSED] - openBrowser(""): Browser is opened with url: ''

2023-01-07 19:42:57 - [MESSAGE][INFO] - Starting 'Chrome' driver

2023-01-07 19:42:57 - [MESSAGE][INFO] - Action delay is set to 0 milliseconds

2023-01-07 19:43:00 - [MESSAGE][PASSED] - Browser is opened with url: ''

2023-01-07 19:43:00 - [TEST_STEP][PASSED] - navigateToUrl("https://bioskoponline.com/"): Navigate to 'https://bioskoponline.com/' successfully

2023-01-07 19:43:04 - [MESSAGE][PASSED] - Navigate to 'https://bioskoponline.com/' successfully

2023-01-07 19:43:04 - [TEST_STEP][PASSED] - click(findTestObject("TC-A1-001/Page_Bioskop Online/span_Daftar")): Object: 'Object Repository/TC-A1-001/Page_Bioskop Online/span_Daftar' is clicked on

2023-01-07 19:43:06 - [MESSAGE][PASSED] - Object: 'Object Repository/TC-A1-001/Page_Bioskop Online/span_Daftar' is clicked on

2023-01-07 19:43:06 - [TEST_STEP][PASSED] - setText(findTestObject("TC-A1-001/Page_Bioskop Online/input__name"), "Afsyus Salaam"): Text 'Afsyus Salaam' is set on object 'Object Repository/TC-A1-001/Page_Bioskop Online/input__name'

2023-01-07 19:43:07 - [MESSAGE][PASSED] - Text 'Afsyus Salaam' is set on object 'Object Repository/TC-A1-001/Page_Bioskop Online/input__name'

2023-01-07 19:43:07 - [TEST_STEP][PASSED] - setText(findTestObject("TC-A1-001/Page_Bioskop Online/input__email"), "afsyussalaam@"): Text 'afsyussalaam@' is set on object 'Object Repository/TC-A1-001/Page_Bioskop Online/input__email'

2023-01-07 19:43:08 - [MESSAGE][PASSED] - Text 'afsyussalaam@' is set on object 'Object Repository/TC-A1-001/Page_Bioskop Online/input__email'

2023-01-07 19:43:08 - [TEST_STEP][PASSED] - click(findTestObject("TC-A1-001/Page_Bioskop Online/div_Email harus mengandung")): Object: 'Object Repository/TC-A1-001/Page_Bioskop Online/div_Email harus mengandung' is clicked on

2023-01-07 19:43:09 - [MESSAGE][PASSED] - Object: 'Object Repository/TC-A1-001/Page_Bioskop Online/div_Email harus mengandung' is clicked on]]></system-out>
         <system-err><![CDATA[]]></system-err>
      </testcase>
      <testcase name="Test Cases/Register/TC-A1-002" time="14.703" classname="Test Cases/Register/TC-A1-002" status="PASSED">
         <system-out><![CDATA[2023-01-07 19:43:09 - [TEST_CASE][PASSED] - Test Cases/Register/TC-A1-002: Test Cases/Register/TC-A1-002

2023-01-07 19:43:09 - [TEST_STEP][PASSED] - openBrowser(""): Browser is opened with url: ''

2023-01-07 19:43:09 - [MESSAGE][WARNING] - A browser is already opened. Closing browser and opening a new one

2023-01-07 19:43:10 - [MESSAGE][INFO] - Starting 'Chrome' driver

2023-01-07 19:43:10 - [MESSAGE][INFO] - Action delay is set to 0 milliseconds

2023-01-07 19:43:11 - [MESSAGE][PASSED] - Browser is opened with url: ''

2023-01-07 19:43:11 - [TEST_STEP][PASSED] - navigateToUrl("https://bioskoponline.com/"): Navigate to 'https://bioskoponline.com/' successfully

2023-01-07 19:43:13 - [MESSAGE][PASSED] - Navigate to 'https://bioskoponline.com/' successfully

2023-01-07 19:43:13 - [TEST_STEP][PASSED] - click(findTestObject("TC-A1-001/Page_Bioskop Online/span_Daftar")): Object: 'Object Repository/TC-A1-001/Page_Bioskop Online/span_Daftar' is clicked on

2023-01-07 19:43:18 - [MESSAGE][PASSED] - Object: 'Object Repository/TC-A1-001/Page_Bioskop Online/span_Daftar' is clicked on

2023-01-07 19:43:18 - [TEST_STEP][PASSED] - setText(findTestObject("TC-A1-001/Page_Bioskop Online/input__name"), "Afsyus Salaam"): Text 'Afsyus Salaam' is set on object 'Object Repository/TC-A1-001/Page_Bioskop Online/input__name'

2023-01-07 19:43:19 - [MESSAGE][PASSED] - Text 'Afsyus Salaam' is set on object 'Object Repository/TC-A1-001/Page_Bioskop Online/input__name'

2023-01-07 19:43:19 - [TEST_STEP][PASSED] - setText(findTestObject("TC-A1-001/Page_Bioskop Online/input__email"), "afsyussalaam@gmail.com"): Text 'afsyussalaam@gmail.com' is set on object 'Object Repository/TC-A1-001/Page_Bioskop Online/input__email'

2023-01-07 19:43:21 - [MESSAGE][PASSED] - Text 'afsyussalaam@gmail.com' is set on object 'Object Repository/TC-A1-001/Page_Bioskop Online/input__email'

2023-01-07 19:43:21 - [TEST_STEP][PASSED] - setText(findTestObject("TC-A1-001/Page_Bioskop Online/input__phone"), "081310490881"): Text '081310490881' is set on object 'Object Repository/TC-A1-001/Page_Bioskop Online/input__phone'

2023-01-07 19:43:22 - [MESSAGE][PASSED] - Text '081310490881' is set on object 'Object Repository/TC-A1-001/Page_Bioskop Online/input__phone'

2023-01-07 19:43:22 - [TEST_STEP][PASSED] - setEncryptedText(findTestObject("TC-A1-001/Page_Bioskop Online/input__w-1112 border-b bg-transparent focus_7b9b6f"), "iFGeFYmXIrUhQZHvW7P22w=="): Text ****** has been set on object 'Object Repository/TC-A1-001/Page_Bioskop Online/input__w-1112 border-b bg-transparent focus_7b9b6f'

2023-01-07 19:43:22 - [MESSAGE][PASSED] - Text ****** has been set on object 'Object Repository/TC-A1-001/Page_Bioskop Online/input__w-1112 border-b bg-transparent focus_7b9b6f'

2023-01-07 19:43:22 - [TEST_STEP][PASSED] - click(findTestObject("TC-A1-001/Page_Bioskop Online/span_Lanjutkan")): Object: 'Object Repository/TC-A1-001/Page_Bioskop Online/span_Lanjutkan' is clicked on

2023-01-07 19:43:23 - [MESSAGE][PASSED] - Object: 'Object Repository/TC-A1-001/Page_Bioskop Online/span_Lanjutkan' is clicked on

2023-01-07 19:43:23 - [TEST_STEP][PASSED] - click(findTestObject("TC-A1-001/Page_Bioskop Online/div_Email yang kamu masukkan sudah terdaftar")): Object: 'Object Repository/TC-A1-001/Page_Bioskop Online/div_Email yang kamu masukkan sudah terdaftar' is clicked on

2023-01-07 19:43:24 - [MESSAGE][PASSED] - Object: 'Object Repository/TC-A1-001/Page_Bioskop Online/div_Email yang kamu masukkan sudah terdaftar' is clicked on]]></system-out>
         <system-err><![CDATA[]]></system-err>
      </testcase>
      <testcase name="Test Cases/Register/TC-A1-003" time="13.413" classname="Test Cases/Register/TC-A1-003" status="PASSED">
         <system-out><![CDATA[2023-01-07 19:43:24 - [TEST_CASE][PASSED] - Test Cases/Register/TC-A1-003: Test Cases/Register/TC-A1-003

2023-01-07 19:43:24 - [TEST_STEP][PASSED] - openBrowser(""): Browser is opened with url: ''

2023-01-07 19:43:24 - [MESSAGE][WARNING] - A browser is already opened. Closing browser and opening a new one

2023-01-07 19:43:25 - [MESSAGE][INFO] - Starting 'Chrome' driver

2023-01-07 19:43:25 - [MESSAGE][INFO] - Action delay is set to 0 milliseconds

2023-01-07 19:43:26 - [MESSAGE][PASSED] - Browser is opened with url: ''

2023-01-07 19:43:26 - [TEST_STEP][PASSED] - navigateToUrl("https://bioskoponline.com/"): Navigate to 'https://bioskoponline.com/' successfully

2023-01-07 19:43:27 - [MESSAGE][PASSED] - Navigate to 'https://bioskoponline.com/' successfully

2023-01-07 19:43:27 - [TEST_STEP][PASSED] - click(findTestObject("TC-A1-001/Page_Bioskop Online/span_Daftar")): Object: 'Object Repository/TC-A1-001/Page_Bioskop Online/span_Daftar' is clicked on

2023-01-07 19:43:32 - [MESSAGE][PASSED] - Object: 'Object Repository/TC-A1-001/Page_Bioskop Online/span_Daftar' is clicked on

2023-01-07 19:43:32 - [TEST_STEP][PASSED] - setText(findTestObject("TC-A1-001/Page_Bioskop Online/input__name"), "Afsyus Salaam"): Text 'Afsyus Salaam' is set on object 'Object Repository/TC-A1-001/Page_Bioskop Online/input__name'

2023-01-07 19:43:33 - [MESSAGE][PASSED] - Text 'Afsyus Salaam' is set on object 'Object Repository/TC-A1-001/Page_Bioskop Online/input__name'

2023-01-07 19:43:33 - [TEST_STEP][PASSED] - setText(findTestObject("TC-A1-001/Page_Bioskop Online/input__email"), "afsyussalaam@yopmail.com"): Text 'afsyussalaam@yopmail.com' is set on object 'Object Repository/TC-A1-001/Page_Bioskop Online/input__email'

2023-01-07 19:43:34 - [MESSAGE][PASSED] - Text 'afsyussalaam@yopmail.com' is set on object 'Object Repository/TC-A1-001/Page_Bioskop Online/input__email'

2023-01-07 19:43:34 - [TEST_STEP][PASSED] - setText(findTestObject("TC-A1-001/Page_Bioskop Online/input__phone"), "081310490881"): Text '081310490881' is set on object 'Object Repository/TC-A1-001/Page_Bioskop Online/input__phone'

2023-01-07 19:43:35 - [MESSAGE][PASSED] - Text '081310490881' is set on object 'Object Repository/TC-A1-001/Page_Bioskop Online/input__phone'

2023-01-07 19:43:35 - [TEST_STEP][PASSED] - setEncryptedText(findTestObject("TC-A1-001/Page_Bioskop Online/input__w-1112 border-b bg-transparent focus_7b9b6f"), "iFGeFYmXIrUhQZHvW7P22w=="): Text ****** has been set on object 'Object Repository/TC-A1-001/Page_Bioskop Online/input__w-1112 border-b bg-transparent focus_7b9b6f'

2023-01-07 19:43:36 - [MESSAGE][PASSED] - Text ****** has been set on object 'Object Repository/TC-A1-001/Page_Bioskop Online/input__w-1112 border-b bg-transparent focus_7b9b6f'

2023-01-07 19:43:36 - [TEST_STEP][PASSED] - click(findTestObject("TC-A1-001/Page_Bioskop Online/span_Lanjutkan")): Object: 'Object Repository/TC-A1-001/Page_Bioskop Online/span_Lanjutkan' is clicked on

2023-01-07 19:43:36 - [MESSAGE][PASSED] - Object: 'Object Repository/TC-A1-001/Page_Bioskop Online/span_Lanjutkan' is clicked on

2023-01-07 19:43:36 - [TEST_STEP][PASSED] - click(findTestObject("TC-A1-001/Page_Bioskop Online/div_Email yang kamu masukkan sudah terdaftar")): Object: 'Object Repository/TC-A1-001/Page_Bioskop Online/div_Email yang kamu masukkan sudah terdaftar' is clicked on

2023-01-07 19:43:37 - [MESSAGE][PASSED] - Object: 'Object Repository/TC-A1-001/Page_Bioskop Online/div_Email yang kamu masukkan sudah terdaftar' is clicked on]]></system-out>
         <system-err><![CDATA[]]></system-err>
      </testcase>
      <testcase name="Test Cases/Register/TC-A1-004" time="13.013" classname="Test Cases/Register/TC-A1-004" status="PASSED">
         <system-out><![CDATA[2023-01-07 19:43:37 - [TEST_CASE][PASSED] - Test Cases/Register/TC-A1-004: Test Cases/Register/TC-A1-004

2023-01-07 19:43:38 - [TEST_STEP][PASSED] - openBrowser(""): Browser is opened with url: ''

2023-01-07 19:43:38 - [MESSAGE][WARNING] - A browser is already opened. Closing browser and opening a new one

2023-01-07 19:43:38 - [MESSAGE][INFO] - Starting 'Chrome' driver

2023-01-07 19:43:38 - [MESSAGE][INFO] - Action delay is set to 0 milliseconds

2023-01-07 19:43:40 - [MESSAGE][PASSED] - Browser is opened with url: ''

2023-01-07 19:43:40 - [TEST_STEP][PASSED] - navigateToUrl("https://bioskoponline.com/"): Navigate to 'https://bioskoponline.com/' successfully

2023-01-07 19:43:41 - [MESSAGE][PASSED] - Navigate to 'https://bioskoponline.com/' successfully

2023-01-07 19:43:41 - [TEST_STEP][PASSED] - click(findTestObject("TC-A1-001/Page_Bioskop Online/span_Daftar")): Object: 'Object Repository/TC-A1-001/Page_Bioskop Online/span_Daftar' is clicked on

2023-01-07 19:43:46 - [MESSAGE][PASSED] - Object: 'Object Repository/TC-A1-001/Page_Bioskop Online/span_Daftar' is clicked on

2023-01-07 19:43:46 - [TEST_STEP][PASSED] - setText(findTestObject("TC-A1-001/Page_Bioskop Online/input__name"), "Afsyus Salaam"): Text 'Afsyus Salaam' is set on object 'Object Repository/TC-A1-001/Page_Bioskop Online/input__name'

2023-01-07 19:43:47 - [MESSAGE][PASSED] - Text 'Afsyus Salaam' is set on object 'Object Repository/TC-A1-001/Page_Bioskop Online/input__name'

2023-01-07 19:43:47 - [TEST_STEP][PASSED] - setText(findTestObject("TC-A1-001/Page_Bioskop Online/input__email"), "afsyussalaam@yopmail.com"): Text 'afsyussalaam@yopmail.com' is set on object 'Object Repository/TC-A1-001/Page_Bioskop Online/input__email'

2023-01-07 19:43:49 - [MESSAGE][PASSED] - Text 'afsyussalaam@yopmail.com' is set on object 'Object Repository/TC-A1-001/Page_Bioskop Online/input__email'

2023-01-07 19:43:49 - [TEST_STEP][PASSED] - setText(findTestObject("TC-A1-001/Page_Bioskop Online/input__phone"), "081310490"): Text '081310490' is set on object 'Object Repository/TC-A1-001/Page_Bioskop Online/input__phone'

2023-01-07 19:43:50 - [MESSAGE][PASSED] - Text '081310490' is set on object 'Object Repository/TC-A1-001/Page_Bioskop Online/input__phone'

2023-01-07 19:43:50 - [TEST_STEP][PASSED] - click(findTestObject("Object Repository/TC-A1-001/Page_Bioskop Online/div_Nomor ponsel minimal 10 digit dan berawalan 0")): Object: 'Object Repository/TC-A1-001/Page_Bioskop Online/div_Nomor ponsel minimal 10 digit dan berawalan 0' is clicked on

2023-01-07 19:43:50 - [MESSAGE][PASSED] - Object: 'Object Repository/TC-A1-001/Page_Bioskop Online/div_Nomor ponsel minimal 10 digit dan berawalan 0' is clicked on]]></system-out>
         <system-err><![CDATA[]]></system-err>
      </testcase>
      <testcase name="Test Cases/Register/TC-A1-005" time="13.048" classname="Test Cases/Register/TC-A1-005" status="PASSED">
         <system-out><![CDATA[2023-01-07 19:43:50 - [TEST_CASE][PASSED] - Test Cases/Register/TC-A1-005: Test Cases/Register/TC-A1-005

2023-01-07 19:43:51 - [TEST_STEP][PASSED] - openBrowser(""): Browser is opened with url: ''

2023-01-07 19:43:51 - [MESSAGE][WARNING] - A browser is already opened. Closing browser and opening a new one

2023-01-07 19:43:51 - [MESSAGE][INFO] - Starting 'Chrome' driver

2023-01-07 19:43:51 - [MESSAGE][INFO] - Action delay is set to 0 milliseconds

2023-01-07 19:43:53 - [MESSAGE][PASSED] - Browser is opened with url: ''

2023-01-07 19:43:53 - [TEST_STEP][PASSED] - navigateToUrl("https://bioskoponline.com/"): Navigate to 'https://bioskoponline.com/' successfully

2023-01-07 19:43:54 - [MESSAGE][PASSED] - Navigate to 'https://bioskoponline.com/' successfully

2023-01-07 19:43:54 - [TEST_STEP][PASSED] - click(findTestObject("TC-A1-001/Page_Bioskop Online/span_Daftar")): Object: 'Object Repository/TC-A1-001/Page_Bioskop Online/span_Daftar' is clicked on

2023-01-07 19:43:59 - [MESSAGE][PASSED] - Object: 'Object Repository/TC-A1-001/Page_Bioskop Online/span_Daftar' is clicked on

2023-01-07 19:43:59 - [TEST_STEP][PASSED] - setText(findTestObject("TC-A1-001/Page_Bioskop Online/input__name"), "Afsyus Salaam"): Text 'Afsyus Salaam' is set on object 'Object Repository/TC-A1-001/Page_Bioskop Online/input__name'

2023-01-07 19:44:00 - [MESSAGE][PASSED] - Text 'Afsyus Salaam' is set on object 'Object Repository/TC-A1-001/Page_Bioskop Online/input__name'

2023-01-07 19:44:00 - [TEST_STEP][PASSED] - setText(findTestObject("TC-A1-001/Page_Bioskop Online/input__email"), "afsyussalaam@yopmail.com"): Text 'afsyussalaam@yopmail.com' is set on object 'Object Repository/TC-A1-001/Page_Bioskop Online/input__email'

2023-01-07 19:44:02 - [MESSAGE][PASSED] - Text 'afsyussalaam@yopmail.com' is set on object 'Object Repository/TC-A1-001/Page_Bioskop Online/input__email'

2023-01-07 19:44:02 - [TEST_STEP][PASSED] - setText(findTestObject("TC-A1-001/Page_Bioskop Online/input__phone"), "081310490"): Text '081310490' is set on object 'Object Repository/TC-A1-001/Page_Bioskop Online/input__phone'

2023-01-07 19:44:03 - [MESSAGE][PASSED] - Text '081310490' is set on object 'Object Repository/TC-A1-001/Page_Bioskop Online/input__phone'

2023-01-07 19:44:03 - [TEST_STEP][PASSED] - click(findTestObject("Object Repository/TC-A1-001/Page_Bioskop Online/div_Nomor ponsel minimal 10 digit dan berawalan 0")): Object: 'Object Repository/TC-A1-001/Page_Bioskop Online/div_Nomor ponsel minimal 10 digit dan berawalan 0' is clicked on

2023-01-07 19:44:03 - [MESSAGE][PASSED] - Object: 'Object Repository/TC-A1-001/Page_Bioskop Online/div_Nomor ponsel minimal 10 digit dan berawalan 0' is clicked on]]></system-out>
         <system-err><![CDATA[]]></system-err>
      </testcase>
      <testcase name="Test Cases/Register/TC-A1-006" time="14.034" classname="Test Cases/Register/TC-A1-006" status="PASSED">
         <system-out><![CDATA[2023-01-07 19:44:03 - [TEST_CASE][PASSED] - Test Cases/Register/TC-A1-006: Test Cases/Register/TC-A1-006

2023-01-07 19:44:04 - [TEST_STEP][PASSED] - openBrowser(""): Browser is opened with url: ''

2023-01-07 19:44:04 - [MESSAGE][WARNING] - A browser is already opened. Closing browser and opening a new one

2023-01-07 19:44:04 - [MESSAGE][INFO] - Starting 'Chrome' driver

2023-01-07 19:44:04 - [MESSAGE][INFO] - Action delay is set to 0 milliseconds

2023-01-07 19:44:06 - [MESSAGE][PASSED] - Browser is opened with url: ''

2023-01-07 19:44:06 - [TEST_STEP][PASSED] - navigateToUrl("https://bioskoponline.com/"): Navigate to 'https://bioskoponline.com/' successfully

2023-01-07 19:44:08 - [MESSAGE][PASSED] - Navigate to 'https://bioskoponline.com/' successfully

2023-01-07 19:44:08 - [TEST_STEP][PASSED] - click(findTestObject("TC-A1-001/Page_Bioskop Online/span_Daftar")): Object: 'Object Repository/TC-A1-001/Page_Bioskop Online/span_Daftar' is clicked on

2023-01-07 19:44:13 - [MESSAGE][PASSED] - Object: 'Object Repository/TC-A1-001/Page_Bioskop Online/span_Daftar' is clicked on

2023-01-07 19:44:13 - [TEST_STEP][PASSED] - setText(findTestObject("TC-A1-001/Page_Bioskop Online/input__name"), "Afsyus Salaam"): Text 'Afsyus Salaam' is set on object 'Object Repository/TC-A1-001/Page_Bioskop Online/input__name'

2023-01-07 19:44:14 - [MESSAGE][PASSED] - Text 'Afsyus Salaam' is set on object 'Object Repository/TC-A1-001/Page_Bioskop Online/input__name'

2023-01-07 19:44:14 - [TEST_STEP][PASSED] - setText(findTestObject("TC-A1-001/Page_Bioskop Online/input__email"), "afsyussalaam@yopmail.com"): Text 'afsyussalaam@yopmail.com' is set on object 'Object Repository/TC-A1-001/Page_Bioskop Online/input__email'

2023-01-07 19:44:16 - [MESSAGE][PASSED] - Text 'afsyussalaam@yopmail.com' is set on object 'Object Repository/TC-A1-001/Page_Bioskop Online/input__email'

2023-01-07 19:44:16 - [TEST_STEP][PASSED] - setText(findTestObject("TC-A1-001/Page_Bioskop Online/input__phone"), "081310490880123"): Text '081310490880123' is set on object 'Object Repository/TC-A1-001/Page_Bioskop Online/input__phone'

2023-01-07 19:44:17 - [MESSAGE][PASSED] - Text '081310490880123' is set on object 'Object Repository/TC-A1-001/Page_Bioskop Online/input__phone'

2023-01-07 19:44:17 - [TEST_STEP][PASSED] - click(findTestObject("Object Repository/TC-A1-001/Page_Bioskop Online/div_Nomor ponsel minimal 10 digit dan berawalan 0")): Object: 'Object Repository/TC-A1-001/Page_Bioskop Online/div_Nomor ponsel minimal 10 digit dan berawalan 0' is clicked on

2023-01-07 19:44:17 - [MESSAGE][PASSED] - Object: 'Object Repository/TC-A1-001/Page_Bioskop Online/div_Nomor ponsel minimal 10 digit dan berawalan 0' is clicked on]]></system-out>
         <system-err><![CDATA[]]></system-err>
      </testcase>
      <system-out><![CDATA[2023-01-07 19:42:56 - [TEST_SUITE][PASSED] - Register: Test Cases/Register/TC-A1-006]]></system-out>
      <system-err><![CDATA[]]></system-err>
   </testsuite>
</testsuites>
