<?xml version="1.0" encoding="UTF-8"?>
<testsuites name="Register" time="159.484" tests="11" failures="0" errors="0">
   <testsuite name="Register" tests="11" failures="0" errors="0" time="159.484" skipped="0" timestamp="2023-01-07 20:17:42" hostname="rizky - RizkyAS" id="Test Suites/Register/Register">
      <properties>
         <property name="deviceName" value=""/>
         <property name="devicePlatform" value=""/>
         <property name="logFolder" value="C:\\Users\\rizky\\git\\qa_ordent_assignmetn\\Reports\\20230107_201738\\Register\\Register\\20230107_201738"/>
         <property name="logFiles" value="C:\\Users\\rizky\\git\\qa_ordent_assignmetn\\Reports\\20230107_201738\\Register\\Register\\20230107_201738\\execution0.log"/>
         <property name="attachments" value=""/>
         <property name="hostName" value="rizky - RizkyAS"/>
         <property name="os" value="Windows 10 64bit"/>
         <property name="katalonVersion" value="8.1.0.208"/>
         <property name="browser" value="Chrome 108.0.0.0"/>
         <property name="hostAddress" value="192.168.0.103"/>
         <property name="sessionId" value="50f41b954e95a8fe09ab0812d6d863de"/>
         <property name="seleniumVersion" value="3.141.59"/>
         <property name="proxyInformation" value="ProxyInformation { proxyOption=NO_PROXY, proxyServerType=HTTP, username=, password=********, proxyServerAddress=, proxyServerPort=0, executionList=&quot;&quot;, isApplyToDesiredCapabilities=true }"/>
         <property name="platform" value="Windows 10"/>
      </properties>
      <testcase name="Test Cases/Register/TC-A1-001" time="14.658" classname="Test Cases/Register/TC-A1-001" status="PASSED">
         <system-out><![CDATA[2023-01-07 20:17:43 - [TEST_CASE][PASSED] - Test Cases/Register/TC-A1-001: Test Cases/Register/TC-A1-001

2023-01-07 20:17:43 - [TEST_STEP][PASSED] - openBrowser(""): Browser is opened with url: ''

2023-01-07 20:17:44 - [MESSAGE][INFO] - Starting 'Chrome' driver

2023-01-07 20:17:44 - [MESSAGE][INFO] - Action delay is set to 0 milliseconds

2023-01-07 20:17:47 - [MESSAGE][PASSED] - Browser is opened with url: ''

2023-01-07 20:17:47 - [TEST_STEP][PASSED] - navigateToUrl("https://bioskoponline.com/"): Navigate to 'https://bioskoponline.com/' successfully

2023-01-07 20:17:49 - [MESSAGE][PASSED] - Navigate to 'https://bioskoponline.com/' successfully

2023-01-07 20:17:49 - [TEST_STEP][PASSED] - click(findTestObject("TC-A1-001/Page_Bioskop Online/span_Daftar")): Object: 'Object Repository/TC-A1-001/Page_Bioskop Online/span_Daftar' is clicked on

2023-01-07 20:17:54 - [MESSAGE][PASSED] - Object: 'Object Repository/TC-A1-001/Page_Bioskop Online/span_Daftar' is clicked on

2023-01-07 20:17:54 - [TEST_STEP][PASSED] - setText(findTestObject("TC-A1-001/Page_Bioskop Online/input__name"), "Afsyus Salaam"): Text 'Afsyus Salaam' is set on object 'Object Repository/TC-A1-001/Page_Bioskop Online/input__name'

2023-01-07 20:17:56 - [MESSAGE][PASSED] - Text 'Afsyus Salaam' is set on object 'Object Repository/TC-A1-001/Page_Bioskop Online/input__name'

2023-01-07 20:17:56 - [TEST_STEP][PASSED] - setText(findTestObject("TC-A1-001/Page_Bioskop Online/input__email"), "afsyussalaam@"): Text 'afsyussalaam@' is set on object 'Object Repository/TC-A1-001/Page_Bioskop Online/input__email'

2023-01-07 20:17:57 - [MESSAGE][PASSED] - Text 'afsyussalaam@' is set on object 'Object Repository/TC-A1-001/Page_Bioskop Online/input__email'

2023-01-07 20:17:57 - [TEST_STEP][PASSED] - waitForElementPresent(findTestObject("TC-A1-001/Page_Bioskop Online/div_Email harus mengandung"), 0): Object 'Object Repository/TC-A1-001/Page_Bioskop Online/div_Email harus mengandung' is present

2023-01-07 20:17:57 - [MESSAGE][WARNING] - Timeout '0' is invalid. Using default page load timeout: '30'

2023-01-07 20:17:57 - [MESSAGE][PASSED] - Object 'Object Repository/TC-A1-001/Page_Bioskop Online/div_Email harus mengandung' is present]]></system-out>
         <system-err><![CDATA[]]></system-err>
      </testcase>
      <testcase name="Test Cases/Register/TC-A1-002" time="14.511" classname="Test Cases/Register/TC-A1-002" status="PASSED">
         <system-out><![CDATA[2023-01-07 20:17:57 - [TEST_CASE][PASSED] - Test Cases/Register/TC-A1-002: Test Cases/Register/TC-A1-002

2023-01-07 20:17:58 - [TEST_STEP][PASSED] - openBrowser(""): Browser is opened with url: ''

2023-01-07 20:17:58 - [MESSAGE][WARNING] - A browser is already opened. Closing browser and opening a new one

2023-01-07 20:17:59 - [MESSAGE][INFO] - Starting 'Chrome' driver

2023-01-07 20:17:59 - [MESSAGE][INFO] - Action delay is set to 0 milliseconds

2023-01-07 20:18:00 - [MESSAGE][PASSED] - Browser is opened with url: ''

2023-01-07 20:18:00 - [TEST_STEP][PASSED] - navigateToUrl("https://bioskoponline.com/"): Navigate to 'https://bioskoponline.com/' successfully

2023-01-07 20:18:01 - [MESSAGE][PASSED] - Navigate to 'https://bioskoponline.com/' successfully

2023-01-07 20:18:01 - [TEST_STEP][PASSED] - click(findTestObject("TC-A1-001/Page_Bioskop Online/span_Daftar")): Object: 'Object Repository/TC-A1-001/Page_Bioskop Online/span_Daftar' is clicked on

2023-01-07 20:18:06 - [MESSAGE][PASSED] - Object: 'Object Repository/TC-A1-001/Page_Bioskop Online/span_Daftar' is clicked on

2023-01-07 20:18:06 - [TEST_STEP][PASSED] - setText(findTestObject("TC-A1-001/Page_Bioskop Online/input__name"), "Afsyus Salaam"): Text 'Afsyus Salaam' is set on object 'Object Repository/TC-A1-001/Page_Bioskop Online/input__name'

2023-01-07 20:18:08 - [MESSAGE][PASSED] - Text 'Afsyus Salaam' is set on object 'Object Repository/TC-A1-001/Page_Bioskop Online/input__name'

2023-01-07 20:18:08 - [TEST_STEP][PASSED] - setText(findTestObject("TC-A1-001/Page_Bioskop Online/input__email"), "afsyussalaam@gmail.com"): Text 'afsyussalaam@gmail.com' is set on object 'Object Repository/TC-A1-001/Page_Bioskop Online/input__email'

2023-01-07 20:18:09 - [MESSAGE][PASSED] - Text 'afsyussalaam@gmail.com' is set on object 'Object Repository/TC-A1-001/Page_Bioskop Online/input__email'

2023-01-07 20:18:09 - [TEST_STEP][PASSED] - setText(findTestObject("TC-A1-001/Page_Bioskop Online/input__phone"), "085171607857"): Text '085171607857' is set on object 'Object Repository/TC-A1-001/Page_Bioskop Online/input__phone'

2023-01-07 20:18:10 - [MESSAGE][PASSED] - Text '085171607857' is set on object 'Object Repository/TC-A1-001/Page_Bioskop Online/input__phone'

2023-01-07 20:18:10 - [TEST_STEP][PASSED] - setEncryptedText(findTestObject("TC-A1-001/Page_Bioskop Online/input__w-1112 border-b bg-transparent focus_7b9b6f"), "iFGeFYmXIrUhQZHvW7P22w=="): Text ****** has been set on object 'Object Repository/TC-A1-001/Page_Bioskop Online/input__w-1112 border-b bg-transparent focus_7b9b6f'

2023-01-07 20:18:11 - [MESSAGE][PASSED] - Text ****** has been set on object 'Object Repository/TC-A1-001/Page_Bioskop Online/input__w-1112 border-b bg-transparent focus_7b9b6f'

2023-01-07 20:18:11 - [TEST_STEP][PASSED] - click(findTestObject("TC-A1-001/Page_Bioskop Online/span_Lanjutkan")): Object: 'Object Repository/TC-A1-001/Page_Bioskop Online/span_Lanjutkan' is clicked on

2023-01-07 20:18:11 - [MESSAGE][PASSED] - Object: 'Object Repository/TC-A1-001/Page_Bioskop Online/span_Lanjutkan' is clicked on

2023-01-07 20:18:11 - [TEST_STEP][PASSED] - waitForElementPresent(findTestObject("TC-A1-001/Page_Bioskop Online/div_Email yang kamu masukkan sudah terdaftar"), 0): Object 'Object Repository/TC-A1-001/Page_Bioskop Online/div_Email yang kamu masukkan sudah terdaftar' is present

2023-01-07 20:18:11 - [MESSAGE][WARNING] - Timeout '0' is invalid. Using default page load timeout: '30'

2023-01-07 20:18:12 - [MESSAGE][PASSED] - Object 'Object Repository/TC-A1-001/Page_Bioskop Online/div_Email yang kamu masukkan sudah terdaftar' is present]]></system-out>
         <system-err><![CDATA[]]></system-err>
      </testcase>
      <testcase name="Test Cases/Register/TC-A1-003" time="15.066" classname="Test Cases/Register/TC-A1-003" status="PASSED">
         <system-out><![CDATA[2023-01-07 20:18:12 - [TEST_CASE][PASSED] - Test Cases/Register/TC-A1-003: Test Cases/Register/TC-A1-003

2023-01-07 20:18:12 - [TEST_STEP][PASSED] - openBrowser(""): Browser is opened with url: ''

2023-01-07 20:18:12 - [MESSAGE][WARNING] - A browser is already opened. Closing browser and opening a new one

2023-01-07 20:18:13 - [MESSAGE][INFO] - Starting 'Chrome' driver

2023-01-07 20:18:13 - [MESSAGE][INFO] - Action delay is set to 0 milliseconds

2023-01-07 20:18:14 - [MESSAGE][PASSED] - Browser is opened with url: ''

2023-01-07 20:18:14 - [TEST_STEP][PASSED] - navigateToUrl("https://bioskoponline.com/"): Navigate to 'https://bioskoponline.com/' successfully

2023-01-07 20:18:16 - [MESSAGE][PASSED] - Navigate to 'https://bioskoponline.com/' successfully

2023-01-07 20:18:16 - [TEST_STEP][PASSED] - click(findTestObject("TC-A1-001/Page_Bioskop Online/span_Daftar")): Object: 'Object Repository/TC-A1-001/Page_Bioskop Online/span_Daftar' is clicked on

2023-01-07 20:18:22 - [MESSAGE][PASSED] - Object: 'Object Repository/TC-A1-001/Page_Bioskop Online/span_Daftar' is clicked on

2023-01-07 20:18:22 - [TEST_STEP][PASSED] - setText(findTestObject("TC-A1-001/Page_Bioskop Online/input__name"), "Afsyus Salaam"): Text 'Afsyus Salaam' is set on object 'Object Repository/TC-A1-001/Page_Bioskop Online/input__name'

2023-01-07 20:18:23 - [MESSAGE][PASSED] - Text 'Afsyus Salaam' is set on object 'Object Repository/TC-A1-001/Page_Bioskop Online/input__name'

2023-01-07 20:18:23 - [TEST_STEP][PASSED] - setText(findTestObject("TC-A1-001/Page_Bioskop Online/input__email"), "afsyussalaam@yopmail.com"): Text 'afsyussalaam@yopmail.com' is set on object 'Object Repository/TC-A1-001/Page_Bioskop Online/input__email'

2023-01-07 20:18:24 - [MESSAGE][PASSED] - Text 'afsyussalaam@yopmail.com' is set on object 'Object Repository/TC-A1-001/Page_Bioskop Online/input__email'

2023-01-07 20:18:24 - [TEST_STEP][PASSED] - setText(findTestObject("TC-A1-001/Page_Bioskop Online/input__phone"), "081310490881"): Text '081310490881' is set on object 'Object Repository/TC-A1-001/Page_Bioskop Online/input__phone'

2023-01-07 20:18:25 - [MESSAGE][PASSED] - Text '081310490881' is set on object 'Object Repository/TC-A1-001/Page_Bioskop Online/input__phone'

2023-01-07 20:18:25 - [TEST_STEP][PASSED] - setEncryptedText(findTestObject("TC-A1-001/Page_Bioskop Online/input__w-1112 border-b bg-transparent focus_7b9b6f"), "iFGeFYmXIrUhQZHvW7P22w=="): Text ****** has been set on object 'Object Repository/TC-A1-001/Page_Bioskop Online/input__w-1112 border-b bg-transparent focus_7b9b6f'

2023-01-07 20:18:26 - [MESSAGE][PASSED] - Text ****** has been set on object 'Object Repository/TC-A1-001/Page_Bioskop Online/input__w-1112 border-b bg-transparent focus_7b9b6f'

2023-01-07 20:18:26 - [TEST_STEP][PASSED] - click(findTestObject("TC-A1-001/Page_Bioskop Online/span_Lanjutkan")): Object: 'Object Repository/TC-A1-001/Page_Bioskop Online/span_Lanjutkan' is clicked on

2023-01-07 20:18:26 - [MESSAGE][PASSED] - Object: 'Object Repository/TC-A1-001/Page_Bioskop Online/span_Lanjutkan' is clicked on

2023-01-07 20:18:26 - [TEST_STEP][PASSED] - waitForElementPresent(findTestObject("TC-A1-001/Page_Bioskop Online/div_Email yang kamu masukkan sudah terdaftar"), 0): Object 'Object Repository/TC-A1-001/Page_Bioskop Online/div_Email yang kamu masukkan sudah terdaftar' is present

2023-01-07 20:18:26 - [MESSAGE][WARNING] - Timeout '0' is invalid. Using default page load timeout: '30'

2023-01-07 20:18:27 - [MESSAGE][PASSED] - Object 'Object Repository/TC-A1-001/Page_Bioskop Online/div_Email yang kamu masukkan sudah terdaftar' is present]]></system-out>
         <system-err><![CDATA[]]></system-err>
      </testcase>
      <testcase name="Test Cases/Register/TC-A1-004" time="12.53" classname="Test Cases/Register/TC-A1-004" status="PASSED">
         <system-out><![CDATA[2023-01-07 20:18:27 - [TEST_CASE][PASSED] - Test Cases/Register/TC-A1-004: Test Cases/Register/TC-A1-004

2023-01-07 20:18:27 - [TEST_STEP][PASSED] - openBrowser(""): Browser is opened with url: ''

2023-01-07 20:18:27 - [MESSAGE][WARNING] - A browser is already opened. Closing browser and opening a new one

2023-01-07 20:18:28 - [MESSAGE][INFO] - Starting 'Chrome' driver

2023-01-07 20:18:28 - [MESSAGE][INFO] - Action delay is set to 0 milliseconds

2023-01-07 20:18:29 - [MESSAGE][PASSED] - Browser is opened with url: ''

2023-01-07 20:18:29 - [TEST_STEP][PASSED] - navigateToUrl("https://bioskoponline.com/"): Navigate to 'https://bioskoponline.com/' successfully

2023-01-07 20:18:34 - [MESSAGE][PASSED] - Navigate to 'https://bioskoponline.com/' successfully

2023-01-07 20:18:34 - [TEST_STEP][PASSED] - click(findTestObject("TC-A1-001/Page_Bioskop Online/span_Daftar")): Object: 'Object Repository/TC-A1-001/Page_Bioskop Online/span_Daftar' is clicked on

2023-01-07 20:18:36 - [MESSAGE][PASSED] - Object: 'Object Repository/TC-A1-001/Page_Bioskop Online/span_Daftar' is clicked on

2023-01-07 20:18:36 - [TEST_STEP][PASSED] - setText(findTestObject("TC-A1-001/Page_Bioskop Online/input__name"), "Afsyus Salaam"): Text 'Afsyus Salaam' is set on object 'Object Repository/TC-A1-001/Page_Bioskop Online/input__name'

2023-01-07 20:18:37 - [MESSAGE][PASSED] - Text 'Afsyus Salaam' is set on object 'Object Repository/TC-A1-001/Page_Bioskop Online/input__name'

2023-01-07 20:18:37 - [TEST_STEP][PASSED] - setText(findTestObject("TC-A1-001/Page_Bioskop Online/input__email"), "afsyussalaam19@gmail.com"): Text 'afsyussalaam19@gmail.com' is set on object 'Object Repository/TC-A1-001/Page_Bioskop Online/input__email'

2023-01-07 20:18:38 - [MESSAGE][PASSED] - Text 'afsyussalaam19@gmail.com' is set on object 'Object Repository/TC-A1-001/Page_Bioskop Online/input__email'

2023-01-07 20:18:38 - [TEST_STEP][PASSED] - setText(findTestObject("TC-A1-001/Page_Bioskop Online/input__phone"), "6281310490880"): Text '6281310490880' is set on object 'Object Repository/TC-A1-001/Page_Bioskop Online/input__phone'

2023-01-07 20:18:39 - [MESSAGE][PASSED] - Text '6281310490880' is set on object 'Object Repository/TC-A1-001/Page_Bioskop Online/input__phone'

2023-01-07 20:18:39 - [TEST_STEP][PASSED] - waitForElementPresent(findTestObject("Object Repository/TC-A1-001/Page_Bioskop Online/div_Nomor ponsel minimal 10 digit dan berawalan 0"), 0): Object 'Object Repository/TC-A1-001/Page_Bioskop Online/div_Nomor ponsel minimal 10 digit dan berawalan 0' is present

2023-01-07 20:18:39 - [MESSAGE][WARNING] - Timeout '0' is invalid. Using default page load timeout: '30'

2023-01-07 20:18:40 - [MESSAGE][PASSED] - Object 'Object Repository/TC-A1-001/Page_Bioskop Online/div_Nomor ponsel minimal 10 digit dan berawalan 0' is present]]></system-out>
         <system-err><![CDATA[]]></system-err>
      </testcase>
      <testcase name="Test Cases/Register/TC-A1-005" time="14.987" classname="Test Cases/Register/TC-A1-005" status="PASSED">
         <system-out><![CDATA[2023-01-07 20:18:40 - [TEST_CASE][PASSED] - Test Cases/Register/TC-A1-005: Test Cases/Register/TC-A1-005

2023-01-07 20:18:40 - [TEST_STEP][PASSED] - openBrowser(""): Browser is opened with url: ''

2023-01-07 20:18:40 - [MESSAGE][WARNING] - A browser is already opened. Closing browser and opening a new one

2023-01-07 20:18:41 - [MESSAGE][INFO] - Starting 'Chrome' driver

2023-01-07 20:18:41 - [MESSAGE][INFO] - Action delay is set to 0 milliseconds

2023-01-07 20:18:42 - [MESSAGE][PASSED] - Browser is opened with url: ''

2023-01-07 20:18:42 - [TEST_STEP][PASSED] - navigateToUrl("https://bioskoponline.com/"): Navigate to 'https://bioskoponline.com/' successfully

2023-01-07 20:18:44 - [MESSAGE][PASSED] - Navigate to 'https://bioskoponline.com/' successfully

2023-01-07 20:18:44 - [TEST_STEP][PASSED] - click(findTestObject("TC-A1-001/Page_Bioskop Online/span_Daftar")): Object: 'Object Repository/TC-A1-001/Page_Bioskop Online/span_Daftar' is clicked on

2023-01-07 20:18:50 - [MESSAGE][PASSED] - Object: 'Object Repository/TC-A1-001/Page_Bioskop Online/span_Daftar' is clicked on

2023-01-07 20:18:50 - [TEST_STEP][PASSED] - setText(findTestObject("TC-A1-001/Page_Bioskop Online/input__name"), "Afsyus Salaam"): Text 'Afsyus Salaam' is set on object 'Object Repository/TC-A1-001/Page_Bioskop Online/input__name'

2023-01-07 20:18:52 - [MESSAGE][PASSED] - Text 'Afsyus Salaam' is set on object 'Object Repository/TC-A1-001/Page_Bioskop Online/input__name'

2023-01-07 20:18:52 - [TEST_STEP][PASSED] - setText(findTestObject("TC-A1-001/Page_Bioskop Online/input__email"), "afsyussalaam19@gmail.com"): Text 'afsyussalaam19@gmail.com' is set on object 'Object Repository/TC-A1-001/Page_Bioskop Online/input__email'

2023-01-07 20:18:53 - [MESSAGE][PASSED] - Text 'afsyussalaam19@gmail.com' is set on object 'Object Repository/TC-A1-001/Page_Bioskop Online/input__email'

2023-01-07 20:18:53 - [TEST_STEP][PASSED] - setText(findTestObject("TC-A1-001/Page_Bioskop Online/input__phone"), "081310490"): Text '081310490' is set on object 'Object Repository/TC-A1-001/Page_Bioskop Online/input__phone'

2023-01-07 20:18:54 - [MESSAGE][PASSED] - Text '081310490' is set on object 'Object Repository/TC-A1-001/Page_Bioskop Online/input__phone'

2023-01-07 20:18:54 - [TEST_STEP][PASSED] - waitForElementPresent(findTestObject("Object Repository/TC-A1-001/Page_Bioskop Online/div_Nomor ponsel minimal 10 digit dan berawalan 0"), 0): Object 'Object Repository/TC-A1-001/Page_Bioskop Online/div_Nomor ponsel minimal 10 digit dan berawalan 0' is present

2023-01-07 20:18:54 - [MESSAGE][WARNING] - Timeout '0' is invalid. Using default page load timeout: '30'

2023-01-07 20:18:55 - [MESSAGE][PASSED] - Object 'Object Repository/TC-A1-001/Page_Bioskop Online/div_Nomor ponsel minimal 10 digit dan berawalan 0' is present]]></system-out>
         <system-err><![CDATA[]]></system-err>
      </testcase>
      <testcase name="Test Cases/Register/TC-A1-006" time="13.062" classname="Test Cases/Register/TC-A1-006" status="PASSED">
         <system-out><![CDATA[2023-01-07 20:18:55 - [TEST_CASE][PASSED] - Test Cases/Register/TC-A1-006: Test Cases/Register/TC-A1-006

2023-01-07 20:18:55 - [TEST_STEP][PASSED] - openBrowser(""): Browser is opened with url: ''

2023-01-07 20:18:55 - [MESSAGE][WARNING] - A browser is already opened. Closing browser and opening a new one

2023-01-07 20:18:56 - [MESSAGE][INFO] - Starting 'Chrome' driver

2023-01-07 20:18:56 - [MESSAGE][INFO] - Action delay is set to 0 milliseconds

2023-01-07 20:18:57 - [MESSAGE][PASSED] - Browser is opened with url: ''

2023-01-07 20:18:57 - [TEST_STEP][PASSED] - navigateToUrl("https://bioskoponline.com/"): Navigate to 'https://bioskoponline.com/' successfully

2023-01-07 20:18:59 - [MESSAGE][PASSED] - Navigate to 'https://bioskoponline.com/' successfully

2023-01-07 20:18:59 - [TEST_STEP][PASSED] - click(findTestObject("TC-A1-001/Page_Bioskop Online/span_Daftar")): Object: 'Object Repository/TC-A1-001/Page_Bioskop Online/span_Daftar' is clicked on

2023-01-07 20:19:04 - [MESSAGE][PASSED] - Object: 'Object Repository/TC-A1-001/Page_Bioskop Online/span_Daftar' is clicked on

2023-01-07 20:19:04 - [TEST_STEP][PASSED] - setText(findTestObject("TC-A1-001/Page_Bioskop Online/input__name"), "Afsyus Salaam"): Text 'Afsyus Salaam' is set on object 'Object Repository/TC-A1-001/Page_Bioskop Online/input__name'

2023-01-07 20:19:05 - [MESSAGE][PASSED] - Text 'Afsyus Salaam' is set on object 'Object Repository/TC-A1-001/Page_Bioskop Online/input__name'

2023-01-07 20:19:05 - [TEST_STEP][PASSED] - setText(findTestObject("TC-A1-001/Page_Bioskop Online/input__email"), "afsyussalaam19@gmail.com"): Text 'afsyussalaam19@gmail.com' is set on object 'Object Repository/TC-A1-001/Page_Bioskop Online/input__email'

2023-01-07 20:19:06 - [MESSAGE][PASSED] - Text 'afsyussalaam19@gmail.com' is set on object 'Object Repository/TC-A1-001/Page_Bioskop Online/input__email'

2023-01-07 20:19:06 - [TEST_STEP][PASSED] - setText(findTestObject("TC-A1-001/Page_Bioskop Online/input__phone"), "081310490880123"): Text '081310490880123' is set on object 'Object Repository/TC-A1-001/Page_Bioskop Online/input__phone'

2023-01-07 20:19:07 - [MESSAGE][PASSED] - Text '081310490880123' is set on object 'Object Repository/TC-A1-001/Page_Bioskop Online/input__phone'

2023-01-07 20:19:07 - [TEST_STEP][PASSED] - waitForElementPresent(findTestObject("Object Repository/TC-A1-001/Page_Bioskop Online/div_Nomor ponsel minimal 10 digit dan berawalan 0"), 0): Object 'Object Repository/TC-A1-001/Page_Bioskop Online/div_Nomor ponsel minimal 10 digit dan berawalan 0' is present

2023-01-07 20:19:07 - [MESSAGE][WARNING] - Timeout '0' is invalid. Using default page load timeout: '30'

2023-01-07 20:19:08 - [MESSAGE][PASSED] - Object 'Object Repository/TC-A1-001/Page_Bioskop Online/div_Nomor ponsel minimal 10 digit dan berawalan 0' is present]]></system-out>
         <system-err><![CDATA[]]></system-err>
      </testcase>
      <testcase name="Test Cases/Register/TC-A1-007" time="15.045" classname="Test Cases/Register/TC-A1-007" status="PASSED">
         <system-out><![CDATA[2023-01-07 20:19:08 - [TEST_CASE][PASSED] - Test Cases/Register/TC-A1-007: Test Cases/Register/TC-A1-007

2023-01-07 20:19:08 - [TEST_STEP][PASSED] - openBrowser(""): Browser is opened with url: ''

2023-01-07 20:19:08 - [MESSAGE][WARNING] - A browser is already opened. Closing browser and opening a new one

2023-01-07 20:19:09 - [MESSAGE][INFO] - Starting 'Chrome' driver

2023-01-07 20:19:09 - [MESSAGE][INFO] - Action delay is set to 0 milliseconds

2023-01-07 20:19:10 - [MESSAGE][PASSED] - Browser is opened with url: ''

2023-01-07 20:19:10 - [TEST_STEP][PASSED] - navigateToUrl("https://bioskoponline.com/"): Navigate to 'https://bioskoponline.com/' successfully

2023-01-07 20:19:12 - [MESSAGE][PASSED] - Navigate to 'https://bioskoponline.com/' successfully

2023-01-07 20:19:12 - [TEST_STEP][PASSED] - click(findTestObject("TC-A1-001/Page_Bioskop Online/span_Daftar")): Object: 'Object Repository/TC-A1-001/Page_Bioskop Online/span_Daftar' is clicked on

2023-01-07 20:19:17 - [MESSAGE][PASSED] - Object: 'Object Repository/TC-A1-001/Page_Bioskop Online/span_Daftar' is clicked on

2023-01-07 20:19:17 - [TEST_STEP][PASSED] - setText(findTestObject("TC-A1-001/Page_Bioskop Online/input__name"), "Afsyus Salaam"): Text 'Afsyus Salaam' is set on object 'Object Repository/TC-A1-001/Page_Bioskop Online/input__name'

2023-01-07 20:19:19 - [MESSAGE][PASSED] - Text 'Afsyus Salaam' is set on object 'Object Repository/TC-A1-001/Page_Bioskop Online/input__name'

2023-01-07 20:19:19 - [TEST_STEP][PASSED] - setText(findTestObject("TC-A1-001/Page_Bioskop Online/input__email"), "afsyussalaam@gmail.com"): Text 'afsyussalaam@gmail.com' is set on object 'Object Repository/TC-A1-001/Page_Bioskop Online/input__email'

2023-01-07 20:19:20 - [MESSAGE][PASSED] - Text 'afsyussalaam@gmail.com' is set on object 'Object Repository/TC-A1-001/Page_Bioskop Online/input__email'

2023-01-07 20:19:20 - [TEST_STEP][PASSED] - setText(findTestObject("TC-A1-001/Page_Bioskop Online/input__phone"), "085171607859"): Text '085171607859' is set on object 'Object Repository/TC-A1-001/Page_Bioskop Online/input__phone'

2023-01-07 20:19:21 - [MESSAGE][PASSED] - Text '085171607859' is set on object 'Object Repository/TC-A1-001/Page_Bioskop Online/input__phone'

2023-01-07 20:19:21 - [TEST_STEP][PASSED] - setEncryptedText(findTestObject("TC-A1-001/Page_Bioskop Online/input__w-1112 border-b bg-transparent focus_7b9b6f"), "iFGeFYmXIrUhQZHvW7P22w=="): Text ****** has been set on object 'Object Repository/TC-A1-001/Page_Bioskop Online/input__w-1112 border-b bg-transparent focus_7b9b6f'

2023-01-07 20:19:21 - [MESSAGE][PASSED] - Text ****** has been set on object 'Object Repository/TC-A1-001/Page_Bioskop Online/input__w-1112 border-b bg-transparent focus_7b9b6f'

2023-01-07 20:19:21 - [TEST_STEP][PASSED] - click(findTestObject("TC-A1-001/Page_Bioskop Online/span_Lanjutkan")): Object: 'Object Repository/TC-A1-001/Page_Bioskop Online/span_Lanjutkan' is clicked on

2023-01-07 20:19:22 - [MESSAGE][PASSED] - Object: 'Object Repository/TC-A1-001/Page_Bioskop Online/span_Lanjutkan' is clicked on

2023-01-07 20:19:22 - [TEST_STEP][PASSED] - click(findTestObject("TC-A1-001/Page_Bioskop Online/div_Email yang kamu masukkan sudah terdaftar")): Object: 'Object Repository/TC-A1-001/Page_Bioskop Online/div_Email yang kamu masukkan sudah terdaftar' is clicked on

2023-01-07 20:19:23 - [MESSAGE][PASSED] - Object: 'Object Repository/TC-A1-001/Page_Bioskop Online/div_Email yang kamu masukkan sudah terdaftar' is clicked on]]></system-out>
         <system-err><![CDATA[]]></system-err>
      </testcase>
      <testcase name="Test Cases/Register/TC-A1-008" time="14.71" classname="Test Cases/Register/TC-A1-008" status="PASSED">
         <system-out><![CDATA[2023-01-07 20:19:23 - [TEST_CASE][PASSED] - Test Cases/Register/TC-A1-008: Test Cases/Register/TC-A1-008

2023-01-07 20:19:23 - [TEST_STEP][PASSED] - openBrowser(""): Browser is opened with url: ''

2023-01-07 20:19:23 - [MESSAGE][WARNING] - A browser is already opened. Closing browser and opening a new one

2023-01-07 20:19:24 - [MESSAGE][INFO] - Starting 'Chrome' driver

2023-01-07 20:19:24 - [MESSAGE][INFO] - Action delay is set to 0 milliseconds

2023-01-07 20:19:25 - [MESSAGE][PASSED] - Browser is opened with url: ''

2023-01-07 20:19:25 - [TEST_STEP][PASSED] - navigateToUrl("https://bioskoponline.com/"): Navigate to 'https://bioskoponline.com/' successfully

2023-01-07 20:19:27 - [MESSAGE][PASSED] - Navigate to 'https://bioskoponline.com/' successfully

2023-01-07 20:19:27 - [TEST_STEP][PASSED] - click(findTestObject("TC-A1-001/Page_Bioskop Online/span_Daftar")): Object: 'Object Repository/TC-A1-001/Page_Bioskop Online/span_Daftar' is clicked on

2023-01-07 20:19:32 - [MESSAGE][PASSED] - Object: 'Object Repository/TC-A1-001/Page_Bioskop Online/span_Daftar' is clicked on

2023-01-07 20:19:33 - [TEST_STEP][PASSED] - setText(findTestObject("TC-A1-001/Page_Bioskop Online/input__name"), "Afsyus Salaam"): Text 'Afsyus Salaam' is set on object 'Object Repository/TC-A1-001/Page_Bioskop Online/input__name'

2023-01-07 20:19:34 - [MESSAGE][PASSED] - Text 'Afsyus Salaam' is set on object 'Object Repository/TC-A1-001/Page_Bioskop Online/input__name'

2023-01-07 20:19:34 - [TEST_STEP][PASSED] - setText(findTestObject("TC-A1-001/Page_Bioskop Online/input__email"), "afsyussalaam18@gmail.com"): Text 'afsyussalaam18@gmail.com' is set on object 'Object Repository/TC-A1-001/Page_Bioskop Online/input__email'

2023-01-07 20:19:35 - [MESSAGE][PASSED] - Text 'afsyussalaam18@gmail.com' is set on object 'Object Repository/TC-A1-001/Page_Bioskop Online/input__email'

2023-01-07 20:19:35 - [TEST_STEP][PASSED] - setText(findTestObject("TC-A1-001/Page_Bioskop Online/input__phone"), "085171607859"): Text '085171607859' is set on object 'Object Repository/TC-A1-001/Page_Bioskop Online/input__phone'

2023-01-07 20:19:36 - [MESSAGE][PASSED] - Text '085171607859' is set on object 'Object Repository/TC-A1-001/Page_Bioskop Online/input__phone'

2023-01-07 20:19:36 - [TEST_STEP][PASSED] - setEncryptedText(findTestObject("TC-A1-001/Page_Bioskop Online/input__w-1112 border-b bg-transparent focus_7b9b6f"), "8SQVv/p9jVScEs4/2CZsLw=="): Text ****** has been set on object 'Object Repository/TC-A1-001/Page_Bioskop Online/input__w-1112 border-b bg-transparent focus_7b9b6f'

2023-01-07 20:19:37 - [MESSAGE][PASSED] - Text ****** has been set on object 'Object Repository/TC-A1-001/Page_Bioskop Online/input__w-1112 border-b bg-transparent focus_7b9b6f'

2023-01-07 20:19:37 - [TEST_STEP][PASSED] - waitForElementPresent(findTestObject("TC-A1-001/div_Kata sandi harus mengandung 1 angka, 1 huruf besar dan 1 huruf kecil"), 0): Object 'Object Repository/TC-A1-001/div_Kata sandi harus mengandung 1 angka, 1 huruf besar dan 1 huruf kecil' is present

2023-01-07 20:19:37 - [MESSAGE][WARNING] - Timeout '0' is invalid. Using default page load timeout: '30'

2023-01-07 20:19:37 - [MESSAGE][PASSED] - Object 'Object Repository/TC-A1-001/div_Kata sandi harus mengandung 1 angka, 1 huruf besar dan 1 huruf kecil' is present]]></system-out>
         <system-err><![CDATA[]]></system-err>
      </testcase>
      <testcase name="Test Cases/Register/TC-A1-009" time="13.62" classname="Test Cases/Register/TC-A1-009" status="PASSED">
         <system-out><![CDATA[2023-01-07 20:19:37 - [TEST_CASE][PASSED] - Test Cases/Register/TC-A1-009: Test Cases/Register/TC-A1-009

2023-01-07 20:19:38 - [TEST_STEP][PASSED] - openBrowser(""): Browser is opened with url: ''

2023-01-07 20:19:38 - [MESSAGE][WARNING] - A browser is already opened. Closing browser and opening a new one

2023-01-07 20:19:38 - [MESSAGE][INFO] - Starting 'Chrome' driver

2023-01-07 20:19:38 - [MESSAGE][INFO] - Action delay is set to 0 milliseconds

2023-01-07 20:19:40 - [MESSAGE][PASSED] - Browser is opened with url: ''

2023-01-07 20:19:40 - [TEST_STEP][PASSED] - navigateToUrl("https://bioskoponline.com/"): Navigate to 'https://bioskoponline.com/' successfully

2023-01-07 20:19:41 - [MESSAGE][PASSED] - Navigate to 'https://bioskoponline.com/' successfully

2023-01-07 20:19:41 - [TEST_STEP][PASSED] - click(findTestObject("TC-A1-001/Page_Bioskop Online/span_Daftar")): Object: 'Object Repository/TC-A1-001/Page_Bioskop Online/span_Daftar' is clicked on

2023-01-07 20:19:46 - [MESSAGE][PASSED] - Object: 'Object Repository/TC-A1-001/Page_Bioskop Online/span_Daftar' is clicked on

2023-01-07 20:19:46 - [TEST_STEP][PASSED] - setText(findTestObject("TC-A1-001/Page_Bioskop Online/input__name"), "Afsyus Salaam"): Text 'Afsyus Salaam' is set on object 'Object Repository/TC-A1-001/Page_Bioskop Online/input__name'

2023-01-07 20:19:47 - [MESSAGE][PASSED] - Text 'Afsyus Salaam' is set on object 'Object Repository/TC-A1-001/Page_Bioskop Online/input__name'

2023-01-07 20:19:47 - [TEST_STEP][PASSED] - setText(findTestObject("TC-A1-001/Page_Bioskop Online/input__email"), "afsyussalaam18@gmail.com"): Text 'afsyussalaam18@gmail.com' is set on object 'Object Repository/TC-A1-001/Page_Bioskop Online/input__email'

2023-01-07 20:19:48 - [MESSAGE][PASSED] - Text 'afsyussalaam18@gmail.com' is set on object 'Object Repository/TC-A1-001/Page_Bioskop Online/input__email'

2023-01-07 20:19:48 - [TEST_STEP][PASSED] - setText(findTestObject("TC-A1-001/Page_Bioskop Online/input__phone"), "085171607859"): Text '085171607859' is set on object 'Object Repository/TC-A1-001/Page_Bioskop Online/input__phone'

2023-01-07 20:19:49 - [MESSAGE][PASSED] - Text '085171607859' is set on object 'Object Repository/TC-A1-001/Page_Bioskop Online/input__phone'

2023-01-07 20:19:49 - [TEST_STEP][PASSED] - setEncryptedText(findTestObject("TC-A1-001/Page_Bioskop Online/input__w-1112 border-b bg-transparent focus_7b9b6f"), "iFGeFYmXIrUhQZHvW7P22w=="): Text ****** has been set on object 'Object Repository/TC-A1-001/Page_Bioskop Online/input__w-1112 border-b bg-transparent focus_7b9b6f'

2023-01-07 20:19:50 - [MESSAGE][PASSED] - Text ****** has been set on object 'Object Repository/TC-A1-001/Page_Bioskop Online/input__w-1112 border-b bg-transparent focus_7b9b6f'

2023-01-07 20:19:50 - [TEST_STEP][PASSED] - click(findTestObject("TC-A1-001/Page_Bioskop Online/span_Lanjutkan")): Object: 'Object Repository/TC-A1-001/Page_Bioskop Online/span_Lanjutkan' is clicked on

2023-01-07 20:19:50 - [MESSAGE][PASSED] - Object: 'Object Repository/TC-A1-001/Page_Bioskop Online/span_Lanjutkan' is clicked on

2023-01-07 20:19:50 - [TEST_STEP][PASSED] - waitForElementPresent(findTestObject("TC-A1-001/div_Kata sandi harus mengandung 1 angka, 1 huruf besar dan 1 huruf kecil"), 0): Object 'Object Repository/TC-A1-001/div_Kata sandi harus mengandung 1 angka, 1 huruf besar dan 1 huruf kecil' is present

2023-01-07 20:19:51 - [MESSAGE][WARNING] - Timeout '0' is invalid. Using default page load timeout: '30'

2023-01-07 20:19:51 - [MESSAGE][PASSED] - Object 'Object Repository/TC-A1-001/div_Kata sandi harus mengandung 1 angka, 1 huruf besar dan 1 huruf kecil' is present]]></system-out>
         <system-err><![CDATA[]]></system-err>
      </testcase>
      <testcase name="Test Cases/Register/TC-A1-010" time="14.218" classname="Test Cases/Register/TC-A1-010" status="PASSED">
         <system-out><![CDATA[2023-01-07 20:19:51 - [TEST_CASE][PASSED] - Test Cases/Register/TC-A1-010: Test Cases/Register/TC-A1-010

2023-01-07 20:19:51 - [TEST_STEP][PASSED] - openBrowser(""): Browser is opened with url: ''

2023-01-07 20:19:51 - [MESSAGE][WARNING] - A browser is already opened. Closing browser and opening a new one

2023-01-07 20:19:52 - [MESSAGE][INFO] - Starting 'Chrome' driver

2023-01-07 20:19:52 - [MESSAGE][INFO] - Action delay is set to 0 milliseconds

2023-01-07 20:19:53 - [MESSAGE][PASSED] - Browser is opened with url: ''

2023-01-07 20:19:53 - [TEST_STEP][PASSED] - navigateToUrl("https://bioskoponline.com/"): Navigate to 'https://bioskoponline.com/' successfully

2023-01-07 20:19:54 - [MESSAGE][PASSED] - Navigate to 'https://bioskoponline.com/' successfully

2023-01-07 20:19:54 - [TEST_STEP][PASSED] - click(findTestObject("TC-A1-001/Page_Bioskop Online/span_Daftar")): Object: 'Object Repository/TC-A1-001/Page_Bioskop Online/span_Daftar' is clicked on

2023-01-07 20:20:00 - [MESSAGE][PASSED] - Object: 'Object Repository/TC-A1-001/Page_Bioskop Online/span_Daftar' is clicked on

2023-01-07 20:20:00 - [TEST_STEP][PASSED] - setText(findTestObject("TC-A1-001/Page_Bioskop Online/input__name"), "Afsyus Salaam"): Text 'Afsyus Salaam' is set on object 'Object Repository/TC-A1-001/Page_Bioskop Online/input__name'

2023-01-07 20:20:01 - [MESSAGE][PASSED] - Text 'Afsyus Salaam' is set on object 'Object Repository/TC-A1-001/Page_Bioskop Online/input__name'

2023-01-07 20:20:01 - [TEST_STEP][PASSED] - setText(findTestObject("TC-A1-001/Page_Bioskop Online/input__email"), "afsyussalaam18@gmail.com"): Text 'afsyussalaam18@gmail.com' is set on object 'Object Repository/TC-A1-001/Page_Bioskop Online/input__email'

2023-01-07 20:20:03 - [MESSAGE][PASSED] - Text 'afsyussalaam18@gmail.com' is set on object 'Object Repository/TC-A1-001/Page_Bioskop Online/input__email'

2023-01-07 20:20:03 - [TEST_STEP][PASSED] - setText(findTestObject("TC-A1-001/Page_Bioskop Online/input__phone"), "085171607859"): Text '085171607859' is set on object 'Object Repository/TC-A1-001/Page_Bioskop Online/input__phone'

2023-01-07 20:20:04 - [MESSAGE][PASSED] - Text '085171607859' is set on object 'Object Repository/TC-A1-001/Page_Bioskop Online/input__phone'

2023-01-07 20:20:04 - [TEST_STEP][PASSED] - setEncryptedText(findTestObject("TC-A1-001/Page_Bioskop Online/input__w-1112 border-b bg-transparent focus_7b9b6f"), "GYDmRgS5yd5PL6pQTxDpCg=="): Text ****** has been set on object 'Object Repository/TC-A1-001/Page_Bioskop Online/input__w-1112 border-b bg-transparent focus_7b9b6f'

2023-01-07 20:20:04 - [MESSAGE][PASSED] - Text ****** has been set on object 'Object Repository/TC-A1-001/Page_Bioskop Online/input__w-1112 border-b bg-transparent focus_7b9b6f'

2023-01-07 20:20:04 - [TEST_STEP][PASSED] - click(findTestObject("TC-A1-001/Page_Bioskop Online/span_Lanjutkan")): Object: 'Object Repository/TC-A1-001/Page_Bioskop Online/span_Lanjutkan' is clicked on

2023-01-07 20:20:05 - [MESSAGE][PASSED] - Object: 'Object Repository/TC-A1-001/Page_Bioskop Online/span_Lanjutkan' is clicked on

2023-01-07 20:20:05 - [TEST_STEP][PASSED] - waitForElementPresent(findTestObject("TC-A1-001/div_Kata sandi harus mengandung 1 angka, 1 huruf besar dan 1 huruf kecil"), 0): Object 'Object Repository/TC-A1-001/div_Kata sandi harus mengandung 1 angka, 1 huruf besar dan 1 huruf kecil' is present

2023-01-07 20:20:05 - [MESSAGE][WARNING] - Timeout '0' is invalid. Using default page load timeout: '30'

2023-01-07 20:20:05 - [MESSAGE][PASSED] - Object 'Object Repository/TC-A1-001/div_Kata sandi harus mengandung 1 angka, 1 huruf besar dan 1 huruf kecil' is present]]></system-out>
         <system-err><![CDATA[]]></system-err>
      </testcase>
      <testcase name="Test Cases/Register/TC-A1-011" time="14.772" classname="Test Cases/Register/TC-A1-011" status="PASSED">
         <system-out><![CDATA[2023-01-07 20:20:05 - [TEST_CASE][PASSED] - Test Cases/Register/TC-A1-011: Test Cases/Register/TC-A1-011

2023-01-07 20:20:05 - [TEST_STEP][PASSED] - openBrowser(""): Browser is opened with url: ''

2023-01-07 20:20:05 - [MESSAGE][WARNING] - A browser is already opened. Closing browser and opening a new one

2023-01-07 20:20:06 - [MESSAGE][INFO] - Starting 'Chrome' driver

2023-01-07 20:20:06 - [MESSAGE][INFO] - Action delay is set to 0 milliseconds

2023-01-07 20:20:08 - [MESSAGE][PASSED] - Browser is opened with url: ''

2023-01-07 20:20:08 - [TEST_STEP][PASSED] - navigateToUrl("https://bioskoponline.com/"): Navigate to 'https://bioskoponline.com/' successfully

2023-01-07 20:20:09 - [MESSAGE][PASSED] - Navigate to 'https://bioskoponline.com/' successfully

2023-01-07 20:20:09 - [TEST_STEP][PASSED] - click(findTestObject("TC-A1-001/Page_Bioskop Online/span_Daftar")): Object: 'Object Repository/TC-A1-001/Page_Bioskop Online/span_Daftar' is clicked on

2023-01-07 20:20:14 - [MESSAGE][PASSED] - Object: 'Object Repository/TC-A1-001/Page_Bioskop Online/span_Daftar' is clicked on

2023-01-07 20:20:14 - [TEST_STEP][PASSED] - setText(findTestObject("TC-A1-001/Page_Bioskop Online/input__name"), "Afsyus Salaam"): Text 'Afsyus Salaam' is set on object 'Object Repository/TC-A1-001/Page_Bioskop Online/input__name'

2023-01-07 20:20:16 - [MESSAGE][PASSED] - Text 'Afsyus Salaam' is set on object 'Object Repository/TC-A1-001/Page_Bioskop Online/input__name'

2023-01-07 20:20:16 - [TEST_STEP][PASSED] - setText(findTestObject("TC-A1-001/Page_Bioskop Online/input__email"), "afsyussalaam18@gmail.com"): Text 'afsyussalaam18@gmail.com' is set on object 'Object Repository/TC-A1-001/Page_Bioskop Online/input__email'

2023-01-07 20:20:17 - [MESSAGE][PASSED] - Text 'afsyussalaam18@gmail.com' is set on object 'Object Repository/TC-A1-001/Page_Bioskop Online/input__email'

2023-01-07 20:20:17 - [TEST_STEP][PASSED] - setText(findTestObject("TC-A1-001/Page_Bioskop Online/input__phone"), "085171607859"): Text '085171607859' is set on object 'Object Repository/TC-A1-001/Page_Bioskop Online/input__phone'

2023-01-07 20:20:18 - [MESSAGE][PASSED] - Text '085171607859' is set on object 'Object Repository/TC-A1-001/Page_Bioskop Online/input__phone'

2023-01-07 20:20:18 - [TEST_STEP][PASSED] - setEncryptedText(findTestObject("TC-A1-001/Page_Bioskop Online/input__w-1112 border-b bg-transparent focus_7b9b6f"), "iFGeFYmXIrUhQZHvW7P22w=="): Text ****** has been set on object 'Object Repository/TC-A1-001/Page_Bioskop Online/input__w-1112 border-b bg-transparent focus_7b9b6f'

2023-01-07 20:20:19 - [MESSAGE][PASSED] - Text ****** has been set on object 'Object Repository/TC-A1-001/Page_Bioskop Online/input__w-1112 border-b bg-transparent focus_7b9b6f'

2023-01-07 20:20:19 - [TEST_STEP][PASSED] - click(findTestObject("TC-A1-001/Page_Bioskop Online/span_Lanjutkan")): Object: 'Object Repository/TC-A1-001/Page_Bioskop Online/span_Lanjutkan' is clicked on

2023-01-07 20:20:19 - [MESSAGE][PASSED] - Object: 'Object Repository/TC-A1-001/Page_Bioskop Online/span_Lanjutkan' is clicked on

2023-01-07 20:20:19 - [TEST_STEP][PASSED] - waitForElementPresent(findTestObject("TC-A1-001/div_Kata sandi harus mengandung 1 angka, 1 huruf besar dan 1 huruf kecil"), 0): Object 'Object Repository/TC-A1-001/div_Kata sandi harus mengandung 1 angka, 1 huruf besar dan 1 huruf kecil' is present

2023-01-07 20:20:19 - [MESSAGE][WARNING] - Timeout '0' is invalid. Using default page load timeout: '30'

2023-01-07 20:20:20 - [MESSAGE][PASSED] - Object 'Object Repository/TC-A1-001/div_Kata sandi harus mengandung 1 angka, 1 huruf besar dan 1 huruf kecil' is present]]></system-out>
         <system-err><![CDATA[]]></system-err>
      </testcase>
      <system-out><![CDATA[2023-01-07 20:17:42 - [TEST_SUITE][PASSED] - Register: Test Cases/Register/TC-A1-011]]></system-out>
      <system-err><![CDATA[]]></system-err>
   </testsuite>
</testsuites>
