<?xml version="1.0" encoding="UTF-8"?>
<testsuites name="Register" time="49.657" tests="3" failures="0" errors="0">
   <testsuite name="Register" tests="3" failures="0" errors="0" time="49.657" skipped="0" timestamp="2023-01-07 19:32:49" hostname="rizky - RizkyAS" id="Test Suites/Register/Register">
      <properties>
         <property name="deviceName" value=""/>
         <property name="devicePlatform" value=""/>
         <property name="logFolder" value="C:\\Users\\rizky\\git\\qa_ordent_assignmetn\\Reports\\20230107_193245\\Register\\Register\\20230107_193245"/>
         <property name="logFiles" value="C:\\Users\\rizky\\git\\qa_ordent_assignmetn\\Reports\\20230107_193245\\Register\\Register\\20230107_193245\\execution0.log"/>
         <property name="attachments" value=""/>
         <property name="hostName" value="rizky - RizkyAS"/>
         <property name="os" value="Windows 10 64bit"/>
         <property name="katalonVersion" value="8.1.0.208"/>
         <property name="browser" value="Chrome 108.0.0.0"/>
         <property name="hostAddress" value="192.168.0.103"/>
         <property name="sessionId" value="a8d5528401847e331d1b5561890e711a"/>
         <property name="seleniumVersion" value="3.141.59"/>
         <property name="proxyInformation" value="ProxyInformation { proxyOption=NO_PROXY, proxyServerType=HTTP, username=, password=********, proxyServerAddress=, proxyServerPort=0, executionList=&quot;&quot;, isApplyToDesiredCapabilities=true }"/>
         <property name="platform" value="Windows 10"/>
      </properties>
      <testcase name="Test Cases/Register/TC-A1-001" time="12.764" classname="Test Cases/Register/TC-A1-001" status="PASSED">
         <system-out><![CDATA[2023-01-07 19:32:49 - [TEST_CASE][PASSED] - Test Cases/Register/TC-A1-001: Test Cases/Register/TC-A1-001

2023-01-07 19:32:49 - [TEST_STEP][PASSED] - openBrowser(""): Browser is opened with url: ''

2023-01-07 19:32:50 - [MESSAGE][INFO] - Starting 'Chrome' driver

2023-01-07 19:32:50 - [MESSAGE][INFO] - Action delay is set to 0 milliseconds

2023-01-07 19:32:52 - [MESSAGE][PASSED] - Browser is opened with url: ''

2023-01-07 19:32:52 - [TEST_STEP][PASSED] - navigateToUrl("https://bioskoponline.com/"): Navigate to 'https://bioskoponline.com/' successfully

2023-01-07 19:32:53 - [MESSAGE][PASSED] - Navigate to 'https://bioskoponline.com/' successfully

2023-01-07 19:32:53 - [TEST_STEP][PASSED] - click(findTestObject("TC-A1-001/Page_Bioskop Online/span_Daftar")): Object: 'Object Repository/TC-A1-001/Page_Bioskop Online/span_Daftar' is clicked on

2023-01-07 19:32:58 - [MESSAGE][PASSED] - Object: 'Object Repository/TC-A1-001/Page_Bioskop Online/span_Daftar' is clicked on

2023-01-07 19:32:58 - [TEST_STEP][PASSED] - setText(findTestObject("TC-A1-001/Page_Bioskop Online/input__name"), "Afsyus Salaam"): Text 'Afsyus Salaam' is set on object 'Object Repository/TC-A1-001/Page_Bioskop Online/input__name'

2023-01-07 19:32:59 - [MESSAGE][PASSED] - Text 'Afsyus Salaam' is set on object 'Object Repository/TC-A1-001/Page_Bioskop Online/input__name'

2023-01-07 19:33:00 - [TEST_STEP][PASSED] - setText(findTestObject("TC-A1-001/Page_Bioskop Online/input__email"), "afsyussalaam@"): Text 'afsyussalaam@' is set on object 'Object Repository/TC-A1-001/Page_Bioskop Online/input__email'

2023-01-07 19:33:01 - [MESSAGE][PASSED] - Text 'afsyussalaam@' is set on object 'Object Repository/TC-A1-001/Page_Bioskop Online/input__email'

2023-01-07 19:33:01 - [TEST_STEP][PASSED] - click(findTestObject("TC-A1-001/Page_Bioskop Online/div_Email harus mengandung")): Object: 'Object Repository/TC-A1-001/Page_Bioskop Online/div_Email harus mengandung' is clicked on

2023-01-07 19:33:02 - [MESSAGE][PASSED] - Object: 'Object Repository/TC-A1-001/Page_Bioskop Online/div_Email harus mengandung' is clicked on]]></system-out>
         <system-err><![CDATA[]]></system-err>
      </testcase>
      <testcase name="Test Cases/Register/TC-A1-002" time="18.614" classname="Test Cases/Register/TC-A1-002" status="PASSED">
         <system-out><![CDATA[2023-01-07 19:33:02 - [TEST_CASE][PASSED] - Test Cases/Register/TC-A1-002: Test Cases/Register/TC-A1-002

2023-01-07 19:33:02 - [TEST_STEP][PASSED] - openBrowser(""): Browser is opened with url: ''

2023-01-07 19:33:02 - [MESSAGE][WARNING] - A browser is already opened. Closing browser and opening a new one

2023-01-07 19:33:03 - [MESSAGE][INFO] - Starting 'Chrome' driver

2023-01-07 19:33:03 - [MESSAGE][INFO] - Action delay is set to 0 milliseconds

2023-01-07 19:33:04 - [MESSAGE][PASSED] - Browser is opened with url: ''

2023-01-07 19:33:04 - [TEST_STEP][PASSED] - navigateToUrl("https://bioskoponline.com/"): Navigate to 'https://bioskoponline.com/' successfully

2023-01-07 19:33:13 - [MESSAGE][PASSED] - Navigate to 'https://bioskoponline.com/' successfully

2023-01-07 19:33:13 - [TEST_STEP][PASSED] - click(findTestObject("TC-A1-001/Page_Bioskop Online/span_Daftar")): Object: 'Object Repository/TC-A1-001/Page_Bioskop Online/span_Daftar' is clicked on

2023-01-07 19:33:14 - [MESSAGE][PASSED] - Object: 'Object Repository/TC-A1-001/Page_Bioskop Online/span_Daftar' is clicked on

2023-01-07 19:33:14 - [TEST_STEP][PASSED] - setText(findTestObject("TC-A1-001/Page_Bioskop Online/input__name"), "Afsyus Salaam"): Text 'Afsyus Salaam' is set on object 'Object Repository/TC-A1-001/Page_Bioskop Online/input__name'

2023-01-07 19:33:16 - [MESSAGE][PASSED] - Text 'Afsyus Salaam' is set on object 'Object Repository/TC-A1-001/Page_Bioskop Online/input__name'

2023-01-07 19:33:16 - [TEST_STEP][PASSED] - setText(findTestObject("TC-A1-001/Page_Bioskop Online/input__email"), "afsyussalaam@gmail.com"): Text 'afsyussalaam@gmail.com' is set on object 'Object Repository/TC-A1-001/Page_Bioskop Online/input__email'

2023-01-07 19:33:17 - [MESSAGE][PASSED] - Text 'afsyussalaam@gmail.com' is set on object 'Object Repository/TC-A1-001/Page_Bioskop Online/input__email'

2023-01-07 19:33:17 - [TEST_STEP][PASSED] - setText(findTestObject("TC-A1-001/Page_Bioskop Online/input__phone"), "081310490881"): Text '081310490881' is set on object 'Object Repository/TC-A1-001/Page_Bioskop Online/input__phone'

2023-01-07 19:33:18 - [MESSAGE][PASSED] - Text '081310490881' is set on object 'Object Repository/TC-A1-001/Page_Bioskop Online/input__phone'

2023-01-07 19:33:18 - [TEST_STEP][PASSED] - setEncryptedText(findTestObject("TC-A1-001/Page_Bioskop Online/input__w-1112 border-b bg-transparent focus_7b9b6f"), "iFGeFYmXIrUhQZHvW7P22w=="): Text ****** has been set on object 'Object Repository/TC-A1-001/Page_Bioskop Online/input__w-1112 border-b bg-transparent focus_7b9b6f'

2023-01-07 19:33:19 - [MESSAGE][PASSED] - Text ****** has been set on object 'Object Repository/TC-A1-001/Page_Bioskop Online/input__w-1112 border-b bg-transparent focus_7b9b6f'

2023-01-07 19:33:19 - [TEST_STEP][PASSED] - click(findTestObject("TC-A1-001/Page_Bioskop Online/span_Lanjutkan")): Object: 'Object Repository/TC-A1-001/Page_Bioskop Online/span_Lanjutkan' is clicked on

2023-01-07 19:33:19 - [MESSAGE][PASSED] - Object: 'Object Repository/TC-A1-001/Page_Bioskop Online/span_Lanjutkan' is clicked on

2023-01-07 19:33:19 - [TEST_STEP][PASSED] - click(findTestObject("TC-A1-001/Page_Bioskop Online/div_Email yang kamu masukkan sudah terdaftar")): Object: 'Object Repository/TC-A1-001/Page_Bioskop Online/div_Email yang kamu masukkan sudah terdaftar' is clicked on

2023-01-07 19:33:20 - [MESSAGE][PASSED] - Object: 'Object Repository/TC-A1-001/Page_Bioskop Online/div_Email yang kamu masukkan sudah terdaftar' is clicked on]]></system-out>
         <system-err><![CDATA[]]></system-err>
      </testcase>
      <testcase name="Test Cases/Register/TC-A1-003" time="16.326" classname="Test Cases/Register/TC-A1-003" status="PASSED">
         <system-out><![CDATA[2023-01-07 19:33:20 - [TEST_CASE][PASSED] - Test Cases/Register/TC-A1-003: Test Cases/Register/TC-A1-003

2023-01-07 19:33:21 - [TEST_STEP][PASSED] - openBrowser(""): Browser is opened with url: ''

2023-01-07 19:33:21 - [MESSAGE][WARNING] - A browser is already opened. Closing browser and opening a new one

2023-01-07 19:33:21 - [MESSAGE][INFO] - Starting 'Chrome' driver

2023-01-07 19:33:21 - [MESSAGE][INFO] - Action delay is set to 0 milliseconds

2023-01-07 19:33:23 - [MESSAGE][PASSED] - Browser is opened with url: ''

2023-01-07 19:33:23 - [TEST_STEP][PASSED] - navigateToUrl("https://bioskoponline.com/"): Navigate to 'https://bioskoponline.com/' successfully

2023-01-07 19:33:25 - [MESSAGE][PASSED] - Navigate to 'https://bioskoponline.com/' successfully

2023-01-07 19:33:25 - [TEST_STEP][PASSED] - click(findTestObject("TC-A1-001/Page_Bioskop Online/span_Daftar")): Object: 'Object Repository/TC-A1-001/Page_Bioskop Online/span_Daftar' is clicked on

2023-01-07 19:33:30 - [MESSAGE][PASSED] - Object: 'Object Repository/TC-A1-001/Page_Bioskop Online/span_Daftar' is clicked on

2023-01-07 19:33:30 - [TEST_STEP][PASSED] - setText(findTestObject("TC-A1-001/Page_Bioskop Online/input__name"), "Afsyus Salaam"): Text 'Afsyus Salaam' is set on object 'Object Repository/TC-A1-001/Page_Bioskop Online/input__name'

2023-01-07 19:33:32 - [MESSAGE][PASSED] - Text 'Afsyus Salaam' is set on object 'Object Repository/TC-A1-001/Page_Bioskop Online/input__name'

2023-01-07 19:33:32 - [TEST_STEP][PASSED] - setText(findTestObject("TC-A1-001/Page_Bioskop Online/input__email"), "afsyussalaam@yopmail.com"): Text 'afsyussalaam@yopmail.com' is set on object 'Object Repository/TC-A1-001/Page_Bioskop Online/input__email'

2023-01-07 19:33:33 - [MESSAGE][PASSED] - Text 'afsyussalaam@yopmail.com' is set on object 'Object Repository/TC-A1-001/Page_Bioskop Online/input__email'

2023-01-07 19:33:33 - [TEST_STEP][PASSED] - setText(findTestObject("TC-A1-001/Page_Bioskop Online/input__phone"), "081310490881"): Text '081310490881' is set on object 'Object Repository/TC-A1-001/Page_Bioskop Online/input__phone'

2023-01-07 19:33:34 - [MESSAGE][PASSED] - Text '081310490881' is set on object 'Object Repository/TC-A1-001/Page_Bioskop Online/input__phone'

2023-01-07 19:33:34 - [TEST_STEP][PASSED] - setEncryptedText(findTestObject("TC-A1-001/Page_Bioskop Online/input__w-1112 border-b bg-transparent focus_7b9b6f"), "iFGeFYmXIrUhQZHvW7P22w=="): Text ****** has been set on object 'Object Repository/TC-A1-001/Page_Bioskop Online/input__w-1112 border-b bg-transparent focus_7b9b6f'

2023-01-07 19:33:35 - [MESSAGE][PASSED] - Text ****** has been set on object 'Object Repository/TC-A1-001/Page_Bioskop Online/input__w-1112 border-b bg-transparent focus_7b9b6f'

2023-01-07 19:33:35 - [TEST_STEP][PASSED] - click(findTestObject("TC-A1-001/Page_Bioskop Online/span_Lanjutkan")): Object: 'Object Repository/TC-A1-001/Page_Bioskop Online/span_Lanjutkan' is clicked on

2023-01-07 19:33:35 - [MESSAGE][PASSED] - Object: 'Object Repository/TC-A1-001/Page_Bioskop Online/span_Lanjutkan' is clicked on

2023-01-07 19:33:35 - [TEST_STEP][PASSED] - click(findTestObject("TC-A1-001/Page_Bioskop Online/div_Email yang kamu masukkan sudah terdaftar")): Object: 'Object Repository/TC-A1-001/Page_Bioskop Online/div_Email yang kamu masukkan sudah terdaftar' is clicked on

2023-01-07 19:33:37 - [MESSAGE][PASSED] - Object: 'Object Repository/TC-A1-001/Page_Bioskop Online/div_Email yang kamu masukkan sudah terdaftar' is clicked on]]></system-out>
         <system-err><![CDATA[]]></system-err>
      </testcase>
      <system-out><![CDATA[2023-01-07 19:32:49 - [TEST_SUITE][PASSED] - Register: Test Cases/Register/TC-A1-003]]></system-out>
      <system-err><![CDATA[]]></system-err>
   </testsuite>
</testsuites>
